[debug] [2025-07-22T15:24:15.562Z] ----------------------------------------------------------------------
[debug] [2025-07-22T15:24:15.565Z] Command:       C:\Program Files\nodejs\node.exe C:\Users\Emre Iscan\AppData\Roaming\npm\node_modules\firebase-tools\lib\bin\firebase.js init
[debug] [2025-07-22T15:24:15.565Z] CLI Version:   14.11.0
[debug] [2025-07-22T15:24:15.566Z] Platform:      win32
[debug] [2025-07-22T15:24:15.566Z] Node Version:  v22.13.1
[debug] [2025-07-22T15:24:15.566Z] Time:          Tue Jul 22 2025 17:24:15 GMT+0200 (Mitteleuropäische Sommerzeit)
[debug] [2025-07-22T15:24:15.566Z] ----------------------------------------------------------------------
[debug] 
[debug] [2025-07-22T15:24:15.568Z] >>> [apiv2][query] GET https://firebase-public.firebaseio.com/cli.json [none]
[debug] [2025-07-22T15:24:15.615Z] > command requires scopes: ["email","openid","https://www.googleapis.com/auth/cloudplatformprojects.readonly","https://www.googleapis.com/auth/firebase","https://www.googleapis.com/auth/cloud-platform"]
[debug] [2025-07-22T15:24:15.615Z] > authorizing via signed-in user (iscan.connect@outlook.de)
[info] 
     ######## #### ########  ######## ########     ###     ######  ########
     ##        ##  ##     ## ##       ##     ##  ##   ##  ##       ##
     ######    ##  ########  ######   ########  #########  ######  ######
     ##        ##  ##    ##  ##       ##     ## ##     ##       ## ##
     ##       #### ##     ## ######## ########  ##     ##  ######  ########

You're about to initialize a Firebase project in this directory:

  C:\Users\Emre Iscan\Desktop\Developer Akademie\Module_13\ROF\ringoffire

[debug] [2025-07-22T15:24:15.920Z] <<< [apiv2][status] GET https://firebase-public.firebaseio.com/cli.json 200
[debug] [2025-07-22T15:24:15.920Z] <<< [apiv2][body] GET https://firebase-public.firebaseio.com/cli.json {"cloudBuildErrorAfter":1594252800000,"cloudBuildWarnAfter":1590019200000,"defaultNode10After":1594252800000,"minVersion":"3.0.5","node8DeploysDisabledAfter":1613390400000,"node8RuntimeDisabledAfter":1615809600000,"node8WarnAfter":1600128000000}
[info] 
=== Project Setup
[info] 
[info] First, let's associate this project directory with a Firebase project.
[info] You can create multiple project aliases by running firebase use --add, 
[info] but for now we'll just set up a default project.
[info] 
[debug] [2025-07-22T15:24:49.538Z] Checked if tokens are valid: false, expires at: 1752860975940
[debug] [2025-07-22T15:24:49.539Z] Checked if tokens are valid: false, expires at: 1752860975940
[debug] [2025-07-22T15:24:49.539Z] > refreshing access token with scopes: []
[debug] [2025-07-22T15:24:49.540Z] >>> [apiv2][query] POST https://www.googleapis.com/oauth2/v3/token [none]
[debug] [2025-07-22T15:24:49.540Z] >>> [apiv2][body] POST https://www.googleapis.com/oauth2/v3/token [omitted]
[debug] [2025-07-22T15:24:49.668Z] <<< [apiv2][status] POST https://www.googleapis.com/oauth2/v3/token 200
[debug] [2025-07-22T15:24:49.668Z] <<< [apiv2][body] POST https://www.googleapis.com/oauth2/v3/token [omitted]
[debug] [2025-07-22T15:24:49.674Z] >>> [apiv2][query] GET https://firebase.googleapis.com/v1beta1/projects pageSize=100
[debug] [2025-07-22T15:24:50.277Z] <<< [apiv2][status] GET https://firebase.googleapis.com/v1beta1/projects 200
[debug] [2025-07-22T15:24:50.277Z] <<< [apiv2][body] GET https://firebase.googleapis.com/v1beta1/projects [omitted]
[info] i  Using project ring-of-fire-d46b8 (Ring of fire) 
[info] 
=== Firestore Setup
[info] i  firestore: ensuring required API firestore.googleapis.com is enabled... 
[debug] [2025-07-22T15:24:53.888Z] Checked if tokens are valid: true, expires at: 1753201488668
[debug] [2025-07-22T15:24:53.888Z] Checked if tokens are valid: true, expires at: 1753201488668
[debug] [2025-07-22T15:24:53.888Z] >>> [apiv2][query] GET https://serviceusage.googleapis.com/v1/projects/ring-of-fire-d46b8/services/firestore.googleapis.com [none]
[debug] [2025-07-22T15:24:53.888Z] >>> [apiv2][(partial)header] GET https://serviceusage.googleapis.com/v1/projects/ring-of-fire-d46b8/services/firestore.googleapis.com x-goog-quota-user=projects/ring-of-fire-d46b8
[debug] [2025-07-22T15:24:54.812Z] <<< [apiv2][status] GET https://serviceusage.googleapis.com/v1/projects/ring-of-fire-d46b8/services/firestore.googleapis.com 200
[debug] [2025-07-22T15:24:54.812Z] <<< [apiv2][body] GET https://serviceusage.googleapis.com/v1/projects/ring-of-fire-d46b8/services/firestore.googleapis.com [omitted]
[info] +  firestore: required API firestore.googleapis.com is enabled 
[debug] [2025-07-22T15:24:54.816Z] Checked if tokens are valid: true, expires at: 1753201488668
[debug] [2025-07-22T15:24:54.816Z] Checked if tokens are valid: true, expires at: 1753201488668
[debug] [2025-07-22T15:24:54.816Z] >>> [apiv2][query] GET https://firestore.googleapis.com/v1/projects/ring-of-fire-d46b8/databases [none]
[debug] [2025-07-22T15:24:55.408Z] <<< [apiv2][status] GET https://firestore.googleapis.com/v1/projects/ring-of-fire-d46b8/databases 200
[debug] [2025-07-22T15:24:55.408Z] <<< [apiv2][body] GET https://firestore.googleapis.com/v1/projects/ring-of-fire-d46b8/databases {"databases":[{"name":"projects/ring-of-fire-d46b8/databases/(default)","uid":"e6d499fc-434f-4aa7-b6b3-7731c4847c80","createTime":"2025-07-22T15:16:15.901878Z","updateTime":"2025-07-22T15:16:15.901878Z","locationId":"eur3","type":"FIRESTORE_NATIVE","concurrencyMode":"PESSIMISTIC","versionRetentionPeriod":"3600s","earliestVersionTime":"2025-07-22T15:16:15.901878Z","appEngineIntegrationMode":"DISABLED","keyPrefix":"e","pointInTimeRecoveryEnablement":"POINT_IN_TIME_RECOVERY_DISABLED","deleteProtectionState":"DELETE_PROTECTION_DISABLED","databaseEdition":"STANDARD","freeTier":true,"etag":"IKK3ho7j0I4DMLahv5bh0I4D"}]}
[info] 
[info] Firestore Security Rules allow you to define how and when to allow
[info] requests. You can keep these rules in your project directory
[info] and publish them with firebase deploy.
[info] 
[debug] [2025-07-22T15:25:02.168Z] Checked if tokens are valid: true, expires at: 1753201488668
[debug] [2025-07-22T15:25:02.168Z] Checked if tokens are valid: true, expires at: 1753201488668
[debug] [2025-07-22T15:25:02.168Z] >>> [apiv2][query] GET https://firebaserules.googleapis.com/v1/projects/ring-of-fire-d46b8/releases pageSize=10&pageToken=
[debug] [2025-07-22T15:25:02.453Z] <<< [apiv2][status] GET https://firebaserules.googleapis.com/v1/projects/ring-of-fire-d46b8/releases 200
[debug] [2025-07-22T15:25:02.453Z] <<< [apiv2][body] GET https://firebaserules.googleapis.com/v1/projects/ring-of-fire-d46b8/releases {"releases":[{"name":"projects/ring-of-fire-d46b8/releases/cloud.firestore","rulesetName":"projects/ring-of-fire-d46b8/rulesets/fd3c81d3-8374-4a04-8140-19a66f6b8dec","createTime":"2025-07-22T15:16:22.286804Z","updateTime":"2025-07-22T15:16:22.286804Z"}]}
[debug] [2025-07-22T15:25:02.453Z] Checked if tokens are valid: true, expires at: 1753201488668
[debug] [2025-07-22T15:25:02.453Z] Checked if tokens are valid: true, expires at: 1753201488668
[debug] [2025-07-22T15:25:02.453Z] >>> [apiv2][query] GET https://firebaserules.googleapis.com/v1/projects/ring-of-fire-d46b8/rulesets/fd3c81d3-8374-4a04-8140-19a66f6b8dec [none]
[debug] [2025-07-22T15:25:03.148Z] <<< [apiv2][status] GET https://firebaserules.googleapis.com/v1/projects/ring-of-fire-d46b8/rulesets/fd3c81d3-8374-4a04-8140-19a66f6b8dec 200
[debug] [2025-07-22T15:25:03.148Z] <<< [apiv2][body] GET https://firebaserules.googleapis.com/v1/projects/ring-of-fire-d46b8/rulesets/fd3c81d3-8374-4a04-8140-19a66f6b8dec [omitted]
[info] i  Downloaded the existing Firestore Security Rules from the Firebase console 
[info] 
[info] Firestore indexes allow you to perform complex queries while
[info] maintaining performance that scales with the size of the result
[info] set. You can keep index definitions in your project directory
[info] and publish them with firebase deploy.
[info] 
[debug] [2025-07-22T15:25:07.264Z] Checked if tokens are valid: true, expires at: 1753201488668
[debug] [2025-07-22T15:25:07.264Z] Checked if tokens are valid: true, expires at: 1753201488668
[debug] [2025-07-22T15:25:07.264Z] Checked if tokens are valid: true, expires at: 1753201488668
[debug] [2025-07-22T15:25:07.264Z] Checked if tokens are valid: true, expires at: 1753201488668
[debug] [2025-07-22T15:25:07.264Z] >>> [apiv2][query] GET https://firestore.googleapis.com/v1/projects/ring-of-fire-d46b8/databases/(default)/collectionGroups/-/indexes [none]
[debug] [2025-07-22T15:25:07.266Z] >>> [apiv2][query] GET https://firestore.googleapis.com/v1/projects/ring-of-fire-d46b8/databases/(default)/collectionGroups/-/fields?filter=indexConfig.usesAncestorConfig=false OR ttlConfig:* [none]
[debug] [2025-07-22T15:25:07.481Z] <<< [apiv2][status] GET https://firestore.googleapis.com/v1/projects/ring-of-fire-d46b8/databases/(default)/collectionGroups/-/indexes 200
[debug] [2025-07-22T15:25:07.481Z] <<< [apiv2][body] GET https://firestore.googleapis.com/v1/projects/ring-of-fire-d46b8/databases/(default)/collectionGroups/-/indexes {}
[debug] [2025-07-22T15:25:07.818Z] <<< [apiv2][status] GET https://firestore.googleapis.com/v1/projects/ring-of-fire-d46b8/databases/(default)/collectionGroups/-/fields?filter=indexConfig.usesAncestorConfig=false OR ttlConfig:* 200
[debug] [2025-07-22T15:25:07.819Z] <<< [apiv2][body] GET https://firestore.googleapis.com/v1/projects/ring-of-fire-d46b8/databases/(default)/collectionGroups/-/fields?filter=indexConfig.usesAncestorConfig=false OR ttlConfig:* {"fields":[{"name":"projects/ring-of-fire-d46b8/databases/(default)/collectionGroups/__default__/fields/*","indexConfig":{"indexes":[{"queryScope":"COLLECTION","fields":[{"fieldPath":"*","order":"ASCENDING"}],"state":"READY"},{"queryScope":"COLLECTION","fields":[{"fieldPath":"*","order":"DESCENDING"}],"state":"READY"},{"queryScope":"COLLECTION","fields":[{"fieldPath":"*","arrayConfig":"CONTAINS"}],"state":"READY"}]}}]}
[info] i  Downloaded the existing Firestore indexes from the Firebase console 
[debug] [2025-07-22T15:25:07.821Z] Error: EISDIR: illegal operation on a directory, open 'C:\Users\Emre Iscan\Desktop\Developer Akademie\Module_13\ROF\ringoffire'
    at Object.writeFileSync (node:fs:2426:20)
    at Object.createFileSync (C:\Users\Emre Iscan\AppData\Roaming\npm\node_modules\firebase-tools\node_modules\fs-extra\lib\ensure\file.js:63:6)
    at Config.writeProjectFile (C:\Users\Emre Iscan\AppData\Roaming\npm\node_modules\firebase-tools\lib\config.js:160:12)
    at Object.actuate (C:\Users\Emre Iscan\AppData\Roaming\npm\node_modules\firebase-tools\lib\init\features\firestore\index.js:86:16)
    at init (C:\Users\Emre Iscan\AppData\Roaming\npm\node_modules\firebase-tools\lib\init\index.js:69:25)
    at process.processTicksAndRejections (node:internal/process/task_queues:105:5)
    at async Command.initAction [as actionFn] (C:\Users\Emre Iscan\AppData\Roaming\npm\node_modules\firebase-tools\lib\commands\init.js:205:5)
[error] 
[error] Error: An unexpected error has occurred.
